The system is: Windows - 10.0.18362 - AMD64
Compiling the C compiler identification source file "CMakeCCompilerId.c" succeeded.
Compiler: C:/Program Files (x86)/Microsoft Visual Studio/2019/BuildTools/VC/Tools/MSVC/14.24.28314/bin/Hostx86/x86/cl.exe 
Build flags: 
Id flags:  

The output was:
0
Microsoft (R) C/C++-Optimierungscompiler Version 19.24.28316 für x86
Copyright (C) Microsoft Corporation. Alle Rechte vorbehalten.

CMakeCCompilerId.c
Microsoft (R) Incremental Linker Version 14.24.28316.0
Copyright (C) Microsoft Corporation.  All rights reserved.

/out:CMakeCCompilerId.exe 
CMakeCCompilerId.obj 


Compilation of the C compiler identification source "CMakeCCompilerId.c" produced "CMakeCCompilerId.exe"

Compilation of the C compiler identification source "CMakeCCompilerId.c" produced "CMakeCCompilerId.obj"

The C compiler identification is MSVC, found in "C:/Users/KingKhaos/Google Drive/Umschulung 2020/Programmierung/Projects/Kassenautomat_V2/cmake-build-debug/CMakeFiles/3.17.3/CompilerIdC/CMakeCCompilerId.exe"

Compiling the CXX compiler identification source file "CMakeCXXCompilerId.cpp" succeeded.
Compiler: C:/Program Files (x86)/Microsoft Visual Studio/2019/BuildTools/VC/Tools/MSVC/14.24.28314/bin/Hostx86/x86/cl.exe 
Build flags: 
Id flags:  

The output was:
0
Microsoft (R) C/C++-Optimierungscompiler Version 19.24.28316 für x86
Copyright (C) Microsoft Corporation. Alle Rechte vorbehalten.

CMakeCXXCompilerId.cpp
Microsoft (R) Incremental Linker Version 14.24.28316.0
Copyright (C) Microsoft Corporation.  All rights reserved.

/out:CMakeCXXCompilerId.exe 
CMakeCXXCompilerId.obj 


Compilation of the CXX compiler identification source "CMakeCXXCompilerId.cpp" produced "CMakeCXXCompilerId.exe"

Compilation of the CXX compiler identification source "CMakeCXXCompilerId.cpp" produced "CMakeCXXCompilerId.obj"

The CXX compiler identification is MSVC, found in "C:/Users/KingKhaos/Google Drive/Umschulung 2020/Programmierung/Projects/Kassenautomat_V2/cmake-build-debug/CMakeFiles/3.17.3/CompilerIdCXX/CMakeCXXCompilerId.exe"

Determining if the C compiler works passed with the following output:
Change Dir: C:/Users/KingKhaos/Google Drive/Umschulung 2020/Programmierung/Projects/Kassenautomat_V2/cmake-build-debug/CMakeFiles/CMakeTmp

Run Build Command(s):nmake /nologo cmTC_2dc5d\fast && 	"C:\Program Files (x86)\Microsoft Visual Studio\2019\BuildTools\VC\Tools\MSVC\14.24.28314\bin\HostX86\x86\nmake.exe"  -f CMakeFiles\cmTC_2dc5d.dir\build.make /nologo -L                  CMakeFiles\cmTC_2dc5d.dir\build
Building C object CMakeFiles/cmTC_2dc5d.dir/testCCompiler.c.obj
	C:\PROGRA~2\MICROS~1\2019\BUILDT~1\VC\Tools\MSVC\1424~1.283\bin\Hostx86\x86\cl.exe @C:\Users\KINGKH~1\AppData\Local\Temp\nmDD37.tmp
testCCompiler.c
Linking C executable cmTC_2dc5d.exe
	C:\Users\KingKhaos\AppData\Local\JetBrains\Toolbox\apps\CLion\ch-0\203.5600.25\bin\cmake\win\bin\cmake.exe -E vs_link_exe --intdir=CMakeFiles\cmTC_2dc5d.dir --rc=C:\PROGRA~2\WI3CF2~1\10\bin\100183~1.0\x86\rc.exe --mt=C:\PROGRA~2\WI3CF2~1\10\bin\100183~1.0\x86\mt.exe --manifests  -- C:\PROGRA~2\MICROS~1\2019\BUILDT~1\VC\Tools\MSVC\1424~1.283\bin\Hostx86\x86\link.exe /nologo @CMakeFiles\cmTC_2dc5d.dir\objects1.rsp @C:\Users\KINGKH~1\AppData\Local\Temp\nmDDA5.tmp



Determining if the CXX compiler works passed with the following output:
Change Dir: C:/Users/KingKhaos/Google Drive/Umschulung 2020/Programmierung/Projects/Kassenautomat_V2/cmake-build-debug/CMakeFiles/CMakeTmp

Run Build Command(s):nmake /nologo cmTC_c3694\fast && 	"C:\Program Files (x86)\Microsoft Visual Studio\2019\BuildTools\VC\Tools\MSVC\14.24.28314\bin\HostX86\x86\nmake.exe"  -f CMakeFiles\cmTC_c3694.dir\build.make /nologo -L                  CMakeFiles\cmTC_c3694.dir\build
Building CXX object CMakeFiles/cmTC_c3694.dir/testCXXCompiler.cxx.obj
	C:\PROGRA~2\MICROS~1\2019\BUILDT~1\VC\Tools\MSVC\1424~1.283\bin\Hostx86\x86\cl.exe @C:\Users\KINGKH~1\AppData\Local\Temp\nmE3A0.tmp
testCXXCompiler.cxx
Linking CXX executable cmTC_c3694.exe
	C:\Users\KingKhaos\AppData\Local\JetBrains\Toolbox\apps\CLion\ch-0\203.5600.25\bin\cmake\win\bin\cmake.exe -E vs_link_exe --intdir=CMakeFiles\cmTC_c3694.dir --rc=C:\PROGRA~2\WI3CF2~1\10\bin\100183~1.0\x86\rc.exe --mt=C:\PROGRA~2\WI3CF2~1\10\bin\100183~1.0\x86\mt.exe --manifests  -- C:\PROGRA~2\MICROS~1\2019\BUILDT~1\VC\Tools\MSVC\1424~1.283\bin\Hostx86\x86\link.exe /nologo @CMakeFiles\cmTC_c3694.dir\objects1.rsp @C:\Users\KINGKH~1\AppData\Local\Temp\nmE3EF.tmp



Detecting CXX compiler ABI info compiled with the following output:
Change Dir: C:/Users/KingKhaos/Google Drive/Umschulung 2020/Programmierung/Projects/Kassenautomat_V2/cmake-build-debug/CMakeFiles/CMakeTmp

Run Build Command(s):nmake /nologo cmTC_22ff0\fast && 	"C:\Program Files (x86)\Microsoft Visual Studio\2019\BuildTools\VC\Tools\MSVC\14.24.28314\bin\HostX86\x86\nmake.exe"  -f CMakeFiles\cmTC_22ff0.dir\build.make /nologo -L                  CMakeFiles\cmTC_22ff0.dir\build
Building CXX object CMakeFiles/cmTC_22ff0.dir/CMakeCXXCompilerABI.cpp.obj
	C:\PROGRA~2\MICROS~1\2019\BUILDT~1\VC\Tools\MSVC\1424~1.283\bin\Hostx86\x86\cl.exe @C:\Users\KINGKH~1\AppData\Local\Temp\nmE5E2.tmp
CMakeCXXCompilerABI.cpp
Linking CXX executable cmTC_22ff0.exe
	C:\Users\KingKhaos\AppData\Local\JetBrains\Toolbox\apps\CLion\ch-0\203.5600.25\bin\cmake\win\bin\cmake.exe -E vs_link_exe --intdir=CMakeFiles\cmTC_22ff0.dir --rc=C:\PROGRA~2\WI3CF2~1\10\bin\100183~1.0\x86\rc.exe --mt=C:\PROGRA~2\WI3CF2~1\10\bin\100183~1.0\x86\mt.exe --manifests  -- C:\PROGRA~2\MICROS~1\2019\BUILDT~1\VC\Tools\MSVC\1424~1.283\bin\Hostx86\x86\link.exe /nologo @CMakeFiles\cmTC_22ff0.dir\objects1.rsp @C:\Users\KINGKH~1\AppData\Local\Temp\nmE650.tmp



